c:\users\slim\desktop\distrib\release\vc142.pdb
c:\users\slim\desktop\distrib\release\vector4f.obj
c:\users\slim\desktop\distrib\release\vector3f.obj
c:\users\slim\desktop\distrib\release\vector2f.obj
c:\users\slim\desktop\distrib\release\quat4f.obj
c:\users\slim\desktop\distrib\release\matrix4f.obj
c:\users\slim\desktop\distrib\release\matrix3f.obj
c:\users\slim\desktop\distrib\release\matrix2f.obj
c:\users\slim\desktop\distrib\release\simplesystem.obj
c:\users\slim\desktop\distrib\release\pendulumsystem.obj
c:\users\slim\desktop\distrib\release\particlesystem.obj
c:\users\slim\desktop\distrib\release\main.obj
c:\users\slim\desktop\distrib\release\clothsystem.obj
c:\users\slim\desktop\distrib\release\camera.obj
c:\users\slim\desktop\distrib\release\timestepper.obj
c:\users\slim\desktop\distrib\release\a3.exe
c:\users\slim\desktop\distrib\release\a3.pdb
c:\users\slim\desktop\distrib\release\a3.tlog\cl.command.1.tlog
c:\users\slim\desktop\distrib\release\a3.tlog\cl.read.1.tlog
c:\users\slim\desktop\distrib\release\a3.tlog\cl.write.1.tlog
c:\users\slim\desktop\distrib\release\a3.tlog\link.command.1.tlog
c:\users\slim\desktop\distrib\release\a3.tlog\link.read.1.tlog
c:\users\slim\desktop\distrib\release\a3.tlog\link.write.1.tlog
