  camera.cpp
  ClothSystem.cpp
  main.cpp
C:\Users\Slim\Desktop\distrib\main.cpp(37,16): warning C4244: 'argument': conversion from 'time_t' to 'unsigned int', possible loss of data
C:\Users\Slim\Desktop\distrib\main.cpp(63,36): warning C4244: '=': conversion from 'double' to 'float', possible loss of data
C:\Users\Slim\Desktop\distrib\main.cpp(91,32): warning C4244: 'argument': conversion from 'float' to 'GLint', possible loss of data
C:\Users\Slim\Desktop\distrib\main.cpp(91,26): warning C4244: 'argument': conversion from 'float' to 'GLint', possible loss of data
C:\Users\Slim\Desktop\distrib\main.cpp(201,9): warning C4060: switch statement contains no 'case' or 'default' labels
  particleSystem.cpp
  pendulumSystem.cpp
C:\Users\Slim\Desktop\distrib\pendulumSystem.cpp(36,29): warning C4018: '<': signed/unsigned mismatch
C:\Users\Slim\Desktop\distrib\pendulumSystem.cpp(78,30): warning C4244: 'argument': conversion from 'float' to 'GLint', possible loss of data
C:\Users\Slim\Desktop\distrib\pendulumSystem.cpp(78,24): warning C4244: 'argument': conversion from 'float' to 'GLint', possible loss of data
  simpleSystem.cpp
C:\Users\Slim\Desktop\distrib\simpleSystem.cpp(32,30): warning C4018: '<': signed/unsigned mismatch
C:\Users\Slim\Desktop\distrib\simpleSystem.cpp(37,32): warning C4244: 'argument': conversion from 'float' to 'GLint', possible loss of data
C:\Users\Slim\Desktop\distrib\simpleSystem.cpp(37,25): warning C4244: 'argument': conversion from 'float' to 'GLint', possible loss of data
  TimeStepper.cpp
C:\Users\Slim\Desktop\distrib\TimeStepper.cpp(13,30): warning C4018: '<': signed/unsigned mismatch
C:\Users\Slim\Desktop\distrib\TimeStepper.cpp(35,30): warning C4018: '<': signed/unsigned mismatch
C:\Users\Slim\Desktop\distrib\TimeStepper.cpp(43,30): warning C4018: '<': signed/unsigned mismatch
C:\Users\Slim\Desktop\distrib\TimeStepper.cpp(49,30): warning C4018: '<': signed/unsigned mismatch
C:\Users\Slim\Desktop\distrib\TimeStepper.cpp(51,29): warning C4244: 'argument': conversion from 'double' to 'float', possible loss of data
C:\Users\Slim\Desktop\distrib\TimeStepper.cpp(76,30): warning C4018: '<': signed/unsigned mismatch
C:\Users\Slim\Desktop\distrib\TimeStepper.cpp(87,30): warning C4018: '<': signed/unsigned mismatch
C:\Users\Slim\Desktop\distrib\TimeStepper.cpp(96,30): warning C4018: '<': signed/unsigned mismatch
C:\Users\Slim\Desktop\distrib\TimeStepper.cpp(105,30): warning C4018: '<': signed/unsigned mismatch
  Matrix2f.cpp
  Matrix3f.cpp
  Matrix4f.cpp
  Quat4f.cpp
  Vector2f.cpp
  Vector3f.cpp
