  Image.cpp
C:\Users\Slim\Desktop\Computer-Graphics-Intro\4 - Ray Casting\Image.cpp(49,18): warning C4996: 'fopen': This function or variable may be unsafe. Consider using fopen_s instead. To disable deprecation, use _CRT_SECURE_NO_WARNINGS. See online help for details.
C:\Users\Slim\Desktop\Computer-Graphics-Intro\4 - Ray Casting\Image.cpp(109,45): warning C4244: 'argument': conversion from 'double' to 'float', possible loss of data
C:\Users\Slim\Desktop\Computer-Graphics-Intro\4 - Ray Casting\Image.cpp(109,37): warning C4244: 'argument': conversion from 'double' to 'float', possible loss of data
C:\Users\Slim\Desktop\Computer-Graphics-Intro\4 - Ray Casting\Image.cpp(109,29): warning C4244: 'argument': conversion from 'double' to 'float', possible loss of data
C:\Users\Slim\Desktop\Computer-Graphics-Intro\4 - Ray Casting\Image.cpp(83,18): warning C4996: 'fopen': This function or variable may be unsafe. Consider using fopen_s instead. To disable deprecation, use _CRT_SECURE_NO_WARNINGS. See online help for details.
C:\Users\Slim\Desktop\Computer-Graphics-Intro\4 - Ray Casting\Image.cpp(125,18): warning C4996: 'fopen': This function or variable may be unsafe. Consider using fopen_s instead. To disable deprecation, use _CRT_SECURE_NO_WARNINGS. See online help for details.
C:\Users\Slim\Desktop\Computer-Graphics-Intro\4 - Ray Casting\Image.cpp(172,45): warning C4244: 'argument': conversion from 'double' to 'float', possible loss of data
C:\Users\Slim\Desktop\Computer-Graphics-Intro\4 - Ray Casting\Image.cpp(172,37): warning C4244: 'argument': conversion from 'double' to 'float', possible loss of data
C:\Users\Slim\Desktop\Computer-Graphics-Intro\4 - Ray Casting\Image.cpp(172,29): warning C4244: 'argument': conversion from 'double' to 'float', possible loss of data
C:\Users\Slim\Desktop\Computer-Graphics-Intro\4 - Ray Casting\Image.cpp(150,18): warning C4996: 'fopen': This function or variable may be unsafe. Consider using fopen_s instead. To disable deprecation, use _CRT_SECURE_NO_WARNINGS. See online help for details.
C:\Users\Slim\Desktop\Computer-Graphics-Intro\4 - Ray Casting\Image.cpp(160,5): warning C4996: 'sscanf': This function or variable may be unsafe. Consider using sscanf_s instead. To disable deprecation, use _CRT_SECURE_NO_WARNINGS. See online help for details.
C:\Users\Slim\Desktop\Computer-Graphics-Intro\4 - Ray Casting\Image.cpp(256,5): warning C4996: 'strcpy': This function or variable may be unsafe. Consider using strcpy_s instead. To disable deprecation, use _CRT_SECURE_NO_WARNINGS. See online help for details.
C:\Users\Slim\Desktop\Computer-Graphics-Intro\4 - Ray Casting\Image.cpp(272,12): warning C4996: 'fopen': This function or variable may be unsafe. Consider using fopen_s instead. To disable deprecation, use _CRT_SECURE_NO_WARNINGS. See online help for details.
  main.cpp
C:\Program Files (x86)\Microsoft Visual Studio\2019\Community\VC\Tools\MSVC\14.26.28801\include\istream(513,1): warning C4530: C++ exception handler used, but unwind semantics are not enabled. Specify /EHsc
C:\Program Files (x86)\Microsoft Visual Studio\2019\Community\VC\Tools\MSVC\14.26.28801\include\istream(507): message : while compiling class template member function 'std::basic_istream<char,std::char_traits<char>> &std::basic_istream<char,std::char_traits<char>>::read(_Elem *,std::streamsize)'
          with
          [
              _Elem=char
          ]
C:\Users\Slim\Desktop\Computer-Graphics-Intro\4 - Ray Casting\bitmap_image.hpp(328): message : see reference to function template instantiation 'std::basic_istream<char,std::char_traits<char>> &std::basic_istream<char,std::char_traits<char>>::read(_Elem *,std::streamsize)' being compiled
          with
          [
              _Elem=char
          ]
C:\Program Files (x86)\Microsoft Visual Studio\2019\Community\VC\Tools\MSVC\14.26.28801\include\istream(692): message : see reference to class template instantiation 'std::basic_istream<char,std::char_traits<char>>' being compiled
  Mesh.cpp
C:\Program Files (x86)\Microsoft Visual Studio\2019\Community\VC\Tools\MSVC\14.26.28801\include\istream(513,1): warning C4530: C++ exception handler used, but unwind semantics are not enabled. Specify /EHsc
C:\Program Files (x86)\Microsoft Visual Studio\2019\Community\VC\Tools\MSVC\14.26.28801\include\istream(507): message : while compiling class template member function 'std::basic_istream<char,std::char_traits<char>> &std::basic_istream<char,std::char_traits<char>>::read(_Elem *,std::streamsize)'
          with
          [
              _Elem=char
          ]
C:\Users\Slim\Desktop\Computer-Graphics-Intro\4 - Ray Casting\bitmap_image.hpp(328): message : see reference to function template instantiation 'std::basic_istream<char,std::char_traits<char>> &std::basic_istream<char,std::char_traits<char>>::read(_Elem *,std::streamsize)' being compiled
          with
          [
              _Elem=char
          ]
C:\Program Files (x86)\Microsoft Visual Studio\2019\Community\VC\Tools\MSVC\14.26.28801\include\istream(692): message : see reference to class template instantiation 'std::basic_istream<char,std::char_traits<char>>' being compiled
  Renderer.cpp
C:\Users\Slim\Desktop\Computer-Graphics-Intro\4 - Ray Casting\Renderer.cpp(79,38): warning C4018: '<': signed/unsigned mismatch
C:\Program Files (x86)\Microsoft Visual Studio\2019\Community\VC\Tools\MSVC\14.26.28801\include\istream(513,1): warning C4530: C++ exception handler used, but unwind semantics are not enabled. Specify /EHsc
C:\Program Files (x86)\Microsoft Visual Studio\2019\Community\VC\Tools\MSVC\14.26.28801\include\istream(507): message : while compiling class template member function 'std::basic_istream<char,std::char_traits<char>> &std::basic_istream<char,std::char_traits<char>>::read(_Elem *,std::streamsize)'
          with
          [
              _Elem=char
          ]
C:\Users\Slim\Desktop\Computer-Graphics-Intro\4 - Ray Casting\bitmap_image.hpp(328): message : see reference to function template instantiation 'std::basic_istream<char,std::char_traits<char>> &std::basic_istream<char,std::char_traits<char>>::read(_Elem *,std::streamsize)' being compiled
          with
          [
              _Elem=char
          ]
C:\Program Files (x86)\Microsoft Visual Studio\2019\Community\VC\Tools\MSVC\14.26.28801\include\istream(692): message : see reference to class template instantiation 'std::basic_istream<char,std::char_traits<char>>' being compiled
  SceneParser.cpp
C:\Users\Slim\Desktop\Computer-Graphics-Intro\4 - Ray Casting\SceneParser.cpp(43,12): warning C4996: 'fopen': This function or variable may be unsafe. Consider using fopen_s instead. To disable deprecation, use _CRT_SECURE_NO_WARNINGS. See online help for details.
C:\Users\Slim\Desktop\Computer-Graphics-Intro\4 - Ray Casting\SceneParser.cpp(118,25): warning C4244: 'initializing': conversion from 'double' to 'float', possible loss of data
C:\Users\Slim\Desktop\Computer-Graphics-Intro\4 - Ray Casting\SceneParser.cpp(402,49): warning C4244: 'argument': conversion from 'double' to 'float', possible loss of data
C:\Users\Slim\Desktop\Computer-Graphics-Intro\4 - Ray Casting\SceneParser.cpp(404,49): warning C4244: 'argument': conversion from 'double' to 'float', possible loss of data
C:\Users\Slim\Desktop\Computer-Graphics-Intro\4 - Ray Casting\SceneParser.cpp(406,49): warning C4244: 'argument': conversion from 'double' to 'float', possible loss of data
C:\Users\Slim\Desktop\Computer-Graphics-Intro\4 - Ray Casting\SceneParser.cpp(411,27): warning C4244: 'initializing': conversion from 'double' to 'float', possible loss of data
C:\Users\Slim\Desktop\Computer-Graphics-Intro\4 - Ray Casting\SceneParser.cpp(445,19): warning C4996: 'fscanf': This function or variable may be unsafe. Consider using fscanf_s instead. To disable deprecation, use _CRT_SECURE_NO_WARNINGS. See online help for details.
C:\Users\Slim\Desktop\Computer-Graphics-Intro\4 - Ray Casting\SceneParser.cpp(456,17): warning C4996: 'fscanf': This function or variable may be unsafe. Consider using fscanf_s instead. To disable deprecation, use _CRT_SECURE_NO_WARNINGS. See online help for details.
C:\Users\Slim\Desktop\Computer-Graphics-Intro\4 - Ray Casting\SceneParser.cpp(467,17): warning C4996: 'fscanf': This function or variable may be unsafe. Consider using fscanf_s instead. To disable deprecation, use _CRT_SECURE_NO_WARNINGS. See online help for details.
C:\Users\Slim\Desktop\Computer-Graphics-Intro\4 - Ray Casting\SceneParser.cpp(478,17): warning C4996: 'fscanf': This function or variable may be unsafe. Consider using fscanf_s instead. To disable deprecation, use _CRT_SECURE_NO_WARNINGS. See online help for details.
C:\Users\Slim\Desktop\Computer-Graphics-Intro\4 - Ray Casting\SceneParser.cpp(489,17): warning C4996: 'fscanf': This function or variable may be unsafe. Consider using fscanf_s instead. To disable deprecation, use _CRT_SECURE_NO_WARNINGS. See online help for details.
C:\Program Files (x86)\Microsoft Visual Studio\2019\Community\VC\Tools\MSVC\14.26.28801\include\istream(513,1): warning C4530: C++ exception handler used, but unwind semantics are not enabled. Specify /EHsc
C:\Program Files (x86)\Microsoft Visual Studio\2019\Community\VC\Tools\MSVC\14.26.28801\include\istream(507): message : while compiling class template member function 'std::basic_istream<char,std::char_traits<char>> &std::basic_istream<char,std::char_traits<char>>::read(_Elem *,std::streamsize)'
          with
          [
              _Elem=char
          ]
C:\Users\Slim\Desktop\Computer-Graphics-Intro\4 - Ray Casting\bitmap_image.hpp(328): message : see reference to function template instantiation 'std::basic_istream<char,std::char_traits<char>> &std::basic_istream<char,std::char_traits<char>>::read(_Elem *,std::streamsize)' being compiled
          with
          [
              _Elem=char
          ]
C:\Program Files (x86)\Microsoft Visual Studio\2019\Community\VC\Tools\MSVC\14.26.28801\include\istream(692): message : see reference to class template instantiation 'std::basic_istream<char,std::char_traits<char>>' being compiled
  texture.cpp
C:\Program Files (x86)\Microsoft Visual Studio\2019\Community\VC\Tools\MSVC\14.26.28801\include\istream(513,1): warning C4530: C++ exception handler used, but unwind semantics are not enabled. Specify /EHsc
C:\Program Files (x86)\Microsoft Visual Studio\2019\Community\VC\Tools\MSVC\14.26.28801\include\istream(507): message : while compiling class template member function 'std::basic_istream<char,std::char_traits<char>> &std::basic_istream<char,std::char_traits<char>>::read(_Elem *,std::streamsize)'
          with
          [
              _Elem=char
          ]
C:\Users\Slim\Desktop\Computer-Graphics-Intro\4 - Ray Casting\bitmap_image.hpp(328): message : see reference to function template instantiation 'std::basic_istream<char,std::char_traits<char>> &std::basic_istream<char,std::char_traits<char>>::read(_Elem *,std::streamsize)' being compiled
          with
          [
              _Elem=char
          ]
C:\Program Files (x86)\Microsoft Visual Studio\2019\Community\VC\Tools\MSVC\14.26.28801\include\istream(692): message : see reference to class template instantiation 'std::basic_istream<char,std::char_traits<char>>' being compiled
  Matrix2f.cpp
  Matrix3f.cpp
  Matrix4f.cpp
  Quat4f.cpp
  Vector2f.cpp
  Vector3f.cpp
  Vector4f.cpp
  Generating Code...
  a4.vcxproj -> C:\Users\Slim\Desktop\Computer-Graphics-Intro\4 - Ray Casting\Debug\a4.exe
