c:\users\slim\desktop\5 - ray tracing\debug\vc142.pdb
c:\users\slim\desktop\5 - ray tracing\debug\vector4f.obj
c:\users\slim\desktop\5 - ray tracing\debug\vector3f.obj
c:\users\slim\desktop\5 - ray tracing\debug\vector2f.obj
c:\users\slim\desktop\5 - ray tracing\debug\quat4f.obj
c:\users\slim\desktop\5 - ray tracing\debug\matrix4f.obj
c:\users\slim\desktop\5 - ray tracing\debug\matrix3f.obj
c:\users\slim\desktop\5 - ray tracing\debug\matrix2f.obj
c:\users\slim\desktop\5 - ray tracing\debug\texture.obj
c:\users\slim\desktop\5 - ray tracing\debug\sceneparser.obj
c:\users\slim\desktop\5 - ray tracing\debug\renderer.obj
c:\users\slim\desktop\5 - ray tracing\debug\raytracer.obj
c:\users\slim\desktop\5 - ray tracing\debug\perlinnoise.obj
c:\users\slim\desktop\5 - ray tracing\debug\octree.obj
c:\users\slim\desktop\5 - ray tracing\debug\noise.obj
c:\users\slim\desktop\5 - ray tracing\debug\mesh.obj
c:\users\slim\desktop\5 - ray tracing\debug\material.obj
c:\users\slim\desktop\5 - ray tracing\debug\main.obj
c:\users\slim\desktop\5 - ray tracing\debug\image.obj
c:\users\slim\desktop\5 - ray tracing\debug\cubemap.obj
c:\users\slim\desktop\5 - ray tracing\debug\a5.exe
c:\users\slim\desktop\5 - ray tracing\debug\a5.ilk
c:\users\slim\desktop\5 - ray tracing\debug\a5.pdb
c:\users\slim\desktop\5 - ray tracing\debug\cubemap.nativecodeanalysis.xml
c:\users\slim\desktop\5 - ray tracing\debug\image.nativecodeanalysis.xml
c:\users\slim\desktop\5 - ray tracing\debug\main.nativecodeanalysis.xml
c:\users\slim\desktop\5 - ray tracing\debug\material.nativecodeanalysis.xml
c:\users\slim\desktop\5 - ray tracing\debug\matrix2f.nativecodeanalysis.xml
c:\users\slim\desktop\5 - ray tracing\debug\matrix3f.nativecodeanalysis.xml
c:\users\slim\desktop\5 - ray tracing\debug\matrix4f.nativecodeanalysis.xml
c:\users\slim\desktop\5 - ray tracing\debug\mesh.nativecodeanalysis.xml
c:\users\slim\desktop\5 - ray tracing\debug\noise.nativecodeanalysis.xml
c:\users\slim\desktop\5 - ray tracing\debug\octree.nativecodeanalysis.xml
c:\users\slim\desktop\5 - ray tracing\debug\perlinnoise.nativecodeanalysis.xml
c:\users\slim\desktop\5 - ray tracing\debug\quat4f.nativecodeanalysis.xml
c:\users\slim\desktop\5 - ray tracing\debug\raytracer.nativecodeanalysis.xml
c:\users\slim\desktop\5 - ray tracing\debug\renderer.nativecodeanalysis.xml
c:\users\slim\desktop\5 - ray tracing\debug\sceneparser.nativecodeanalysis.xml
c:\users\slim\desktop\5 - ray tracing\debug\texture.nativecodeanalysis.xml
c:\users\slim\desktop\5 - ray tracing\debug\vector2f.nativecodeanalysis.xml
c:\users\slim\desktop\5 - ray tracing\debug\vector3f.nativecodeanalysis.xml
c:\users\slim\desktop\5 - ray tracing\debug\vector4f.nativecodeanalysis.xml
c:\users\slim\desktop\5 - ray tracing\debug\a5.tlog\cl.command.1.tlog
c:\users\slim\desktop\5 - ray tracing\debug\a5.tlog\cl.read.1.tlog
c:\users\slim\desktop\5 - ray tracing\debug\a5.tlog\cl.write.1.tlog
c:\users\slim\desktop\5 - ray tracing\debug\a5.tlog\link.command.1.tlog
c:\users\slim\desktop\5 - ray tracing\debug\a5.tlog\link.read.1.tlog
c:\users\slim\desktop\5 - ray tracing\debug\a5.tlog\link.write.1.tlog
