c:\users\slim\desktop\one\debug\vc142.pdb
c:\users\slim\desktop\one\debug\vector4f.obj
c:\users\slim\desktop\one\debug\vector3f.obj
c:\users\slim\desktop\one\debug\vector2f.obj
c:\users\slim\desktop\one\debug\quat4f.obj
c:\users\slim\desktop\one\debug\matrix4f.obj
c:\users\slim\desktop\one\debug\matrix3f.obj
c:\users\slim\desktop\one\debug\matrix2f.obj
c:\users\slim\desktop\one\debug\surf.obj
c:\users\slim\desktop\one\debug\parse.obj
c:\users\slim\desktop\one\debug\main.obj
c:\users\slim\desktop\one\debug\curve.obj
c:\users\slim\desktop\one\debug\camera.obj
c:\users\slim\desktop\one\debug\one.exe
c:\users\slim\desktop\one\debug\one.ilk
c:\users\slim\desktop\one\debug\one.pdb
c:\users\slim\desktop\one\debug\one.tlog\cl.command.1.tlog
c:\users\slim\desktop\one\debug\one.tlog\cl.read.1.tlog
c:\users\slim\desktop\one\debug\one.tlog\cl.write.1.tlog
c:\users\slim\desktop\one\debug\one.tlog\link.command.1.tlog
c:\users\slim\desktop\one\debug\one.tlog\link.read.1.tlog
c:\users\slim\desktop\one\debug\one.tlog\link.write.1.tlog
