c:\users\slim\desktop\hier mod & ssd\debug\vc142.pdb
c:\users\slim\desktop\hier mod & ssd\debug\vector4f.obj
c:\users\slim\desktop\hier mod & ssd\debug\vector3f.obj
c:\users\slim\desktop\hier mod & ssd\debug\vector2f.obj
c:\users\slim\desktop\hier mod & ssd\debug\quat4f.obj
c:\users\slim\desktop\hier mod & ssd\debug\matrix4f.obj
c:\users\slim\desktop\hier mod & ssd\debug\matrix3f.obj
c:\users\slim\desktop\hier mod & ssd\debug\matrix2f.obj
c:\users\slim\desktop\hier mod & ssd\debug\skeletalmodel.obj
c:\users\slim\desktop\hier mod & ssd\debug\modelerview.obj
c:\users\slim\desktop\hier mod & ssd\debug\modelerui.obj
c:\users\slim\desktop\hier mod & ssd\debug\modelerapp.obj
c:\users\slim\desktop\hier mod & ssd\debug\mesh.obj
c:\users\slim\desktop\hier mod & ssd\debug\matrixstack.obj
c:\users\slim\desktop\hier mod & ssd\debug\main.obj
c:\users\slim\desktop\hier mod & ssd\debug\joint.obj
c:\users\slim\desktop\hier mod & ssd\debug\bitmap.obj
c:\users\slim\desktop\hier mod & ssd\debug\camera.obj
c:\users\slim\desktop\hier mod & ssd\debug\a2.exe
c:\users\slim\desktop\hier mod & ssd\debug\a2.ilk
c:\users\slim\desktop\hier mod & ssd\debug\a2.pdb
c:\users\slim\desktop\hier mod & ssd\debug\a2.tlog\cl.command.1.tlog
c:\users\slim\desktop\hier mod & ssd\debug\a2.tlog\cl.read.1.tlog
c:\users\slim\desktop\hier mod & ssd\debug\a2.tlog\cl.write.1.tlog
c:\users\slim\desktop\hier mod & ssd\debug\a2.tlog\link.command.1.tlog
c:\users\slim\desktop\hier mod & ssd\debug\a2.tlog\link.read.1.tlog
c:\users\slim\desktop\hier mod & ssd\debug\a2.tlog\link.write.1.tlog
